0 info it worked if it ends with ok
1 verbose cli [ 'node', '/usr/local/bin/npm', 'install' ]
2 info using npm@1.4.28
3 info using node@v0.10.32
4 verbose readDependencies using package.json deps
5 verbose install where, deps [ '/Users/evansadler/Documents/Coding Dojo/ANGULAR/project',
5 verbose install   [ 'socket.io', 'express', 'ejs' ] ]
6 info preinstall application-name@0.0.1
7 verbose readDependencies using package.json deps
8 verbose cache add [ 'socket.io@latest', null ]
9 verbose cache add name=undefined spec="socket.io@latest" args=["socket.io@latest",null]
10 verbose parsed url { protocol: null,
10 verbose parsed url   slashes: null,
10 verbose parsed url   auth: null,
10 verbose parsed url   host: null,
10 verbose parsed url   port: null,
10 verbose parsed url   hostname: null,
10 verbose parsed url   hash: null,
10 verbose parsed url   search: null,
10 verbose parsed url   query: null,
10 verbose parsed url   pathname: 'socket.io@latest',
10 verbose parsed url   path: 'socket.io@latest',
10 verbose parsed url   href: 'socket.io@latest' }
11 verbose cache add [ 'express@3.4.8', null ]
12 verbose cache add name=undefined spec="express@3.4.8" args=["express@3.4.8",null]
13 verbose parsed url { protocol: null,
13 verbose parsed url   slashes: null,
13 verbose parsed url   auth: null,
13 verbose parsed url   host: null,
13 verbose parsed url   port: null,
13 verbose parsed url   hostname: null,
13 verbose parsed url   hash: null,
13 verbose parsed url   search: null,
13 verbose parsed url   query: null,
13 verbose parsed url   pathname: 'express@3.4.8',
13 verbose parsed url   path: 'express@3.4.8',
13 verbose parsed url   href: 'express@3.4.8' }
14 verbose cache add [ 'ejs@*', null ]
15 verbose cache add name=undefined spec="ejs@*" args=["ejs@*",null]
16 verbose parsed url { protocol: null,
16 verbose parsed url   slashes: null,
16 verbose parsed url   auth: null,
16 verbose parsed url   host: null,
16 verbose parsed url   port: null,
16 verbose parsed url   hostname: null,
16 verbose parsed url   hash: null,
16 verbose parsed url   search: null,
16 verbose parsed url   query: null,
16 verbose parsed url   pathname: 'ejs@*',
16 verbose parsed url   path: 'ejs@*',
16 verbose parsed url   href: 'ejs@*' }
17 verbose cache add name="socket.io" spec="latest" args=["socket.io","latest"]
18 verbose parsed url { protocol: null,
18 verbose parsed url   slashes: null,
18 verbose parsed url   auth: null,
18 verbose parsed url   host: null,
18 verbose parsed url   port: null,
18 verbose parsed url   hostname: null,
18 verbose parsed url   hash: null,
18 verbose parsed url   search: null,
18 verbose parsed url   query: null,
18 verbose parsed url   pathname: 'latest',
18 verbose parsed url   path: 'latest',
18 verbose parsed url   href: 'latest' }
19 verbose addNamed [ 'socket.io', 'latest' ]
20 verbose addNamed [ null, null ]
21 verbose cache add name="express" spec="3.4.8" args=["express","3.4.8"]
22 verbose parsed url { protocol: null,
22 verbose parsed url   slashes: null,
22 verbose parsed url   auth: null,
22 verbose parsed url   host: null,
22 verbose parsed url   port: null,
22 verbose parsed url   hostname: null,
22 verbose parsed url   hash: null,
22 verbose parsed url   search: null,
22 verbose parsed url   query: null,
22 verbose parsed url   pathname: '3.4.8',
22 verbose parsed url   path: '3.4.8',
22 verbose parsed url   href: '3.4.8' }
23 verbose addNamed [ 'express', '3.4.8' ]
24 verbose addNamed [ '3.4.8', '3.4.8' ]
25 verbose cache add name="ejs" spec="*" args=["ejs","*"]
26 verbose parsed url { protocol: null,
26 verbose parsed url   slashes: null,
26 verbose parsed url   auth: null,
26 verbose parsed url   host: null,
26 verbose parsed url   port: null,
26 verbose parsed url   hostname: null,
26 verbose parsed url   hash: null,
26 verbose parsed url   search: null,
26 verbose parsed url   query: null,
26 verbose parsed url   pathname: '*',
26 verbose parsed url   path: '*',
26 verbose parsed url   href: '*' }
27 verbose addNamed [ 'ejs', '*' ]
28 verbose addNamed [ null, '*' ]
29 silly lockFile d01f6c55-socket-io-latest socket.io@latest
30 verbose lock socket.io@latest /Users/evansadler/.npm/d01f6c55-socket-io-latest.lock
31 silly lockFile 15cb8528-express-3-4-8 express@3.4.8
32 verbose lock express@3.4.8 /Users/evansadler/.npm/15cb8528-express-3-4-8.lock
33 silly lockFile 9d73ed50-ejs ejs@*
34 verbose lock ejs@* /Users/evansadler/.npm/9d73ed50-ejs.lock
35 info addNameTag [ 'socket.io', 'latest' ]
36 silly addNameRange { name: 'ejs', range: '*', hasData: false }
37 verbose request where is /express
38 verbose request registry https://registry.npmjs.org/
39 verbose request id 48731b95c80ccbdc
40 verbose url raw /express
41 verbose url resolving [ 'https://registry.npmjs.org/', './express' ]
42 verbose url resolved https://registry.npmjs.org/express
43 verbose request where is https://registry.npmjs.org/express
44 info trying registry request attempt 1 at 09:52:24
45 verbose etag "DD917SEQUI061MX28QLSC4JXS"
46 http GET https://registry.npmjs.org/express
47 verbose request where is /ejs
48 verbose request registry https://registry.npmjs.org/
49 verbose url raw /ejs
50 verbose url resolving [ 'https://registry.npmjs.org/', './ejs' ]
51 verbose url resolved https://registry.npmjs.org/ejs
52 verbose request where is https://registry.npmjs.org/ejs
53 info trying registry request attempt 1 at 09:52:24
54 verbose etag "6QVPCJAQYMUY6Y4J0I6GSL2KE"
55 http GET https://registry.npmjs.org/ejs
56 verbose request where is /socket.io
57 verbose request registry https://registry.npmjs.org/
58 verbose url raw /socket.io
59 verbose url resolving [ 'https://registry.npmjs.org/', './socket.io' ]
60 verbose url resolved https://registry.npmjs.org/socket.io
61 verbose request where is https://registry.npmjs.org/socket.io
62 info trying registry request attempt 1 at 09:52:24
63 verbose etag "E3EDAEDTXBRB7COPCV5IC4JDN"
64 http GET https://registry.npmjs.org/socket.io
65 http 200 https://registry.npmjs.org/ejs
66 silly registry.get cb [ 200,
66 silly registry.get   { date: 'Mon, 29 Sep 2014 16:52:25 GMT',
66 silly registry.get     server: 'CouchDB/1.5.0 (Erlang OTP/R16B03)',
66 silly registry.get     etag: '"COOYBOWRJ4BR53OYZFZOHBH1F"',
66 silly registry.get     'content-type': 'application/json',
66 silly registry.get     'cache-control': 'max-age=60',
66 silly registry.get     'content-length': '25197',
66 silly registry.get     'accept-ranges': 'bytes',
66 silly registry.get     via: '1.1 varnish',
66 silly registry.get     age: '282',
66 silly registry.get     'x-served-by': 'cache-lax1420-LAX',
66 silly registry.get     'x-cache': 'HIT',
66 silly registry.get     'x-cache-hits': '2',
66 silly registry.get     'x-timer': 'S1412009545.270727,VS0,VE0',
66 silly registry.get     vary: 'Accept',
66 silly registry.get     'keep-alive': 'timeout=10, max=50',
66 silly registry.get     connection: 'Keep-Alive' } ]
67 silly addNameRange number 2 { name: 'ejs', range: '*', hasData: true }
68 silly addNameRange versions [ 'ejs',
68 silly addNameRange   [ '0.0.1',
68 silly addNameRange     '0.0.2',
68 silly addNameRange     '0.0.3',
68 silly addNameRange     '0.0.4',
68 silly addNameRange     '0.1.0',
68 silly addNameRange     '0.2.0',
68 silly addNameRange     '0.2.1',
68 silly addNameRange     '0.3.0',
68 silly addNameRange     '0.3.1',
68 silly addNameRange     '0.4.0',
68 silly addNameRange     '0.4.1',
68 silly addNameRange     '0.4.2',
68 silly addNameRange     '0.4.3',
68 silly addNameRange     '0.5.0',
68 silly addNameRange     '0.6.0',
68 silly addNameRange     '0.6.1',
68 silly addNameRange     '0.7.0',
68 silly addNameRange     '0.7.1',
68 silly addNameRange     '0.7.2',
68 silly addNameRange     '0.8.0',
68 silly addNameRange     '0.8.1',
68 silly addNameRange     '0.8.2',
68 silly addNameRange     '0.8.3',
68 silly addNameRange     '0.8.4',
68 silly addNameRange     '0.8.5',
68 silly addNameRange     '0.8.6',
68 silly addNameRange     '0.8.8',
68 silly addNameRange     '1.0.0' ] ]
69 verbose addNamed [ 'ejs', '1.0.0' ]
70 verbose addNamed [ '1.0.0', '1.0.0' ]
71 silly lockFile 3b9d58f7-ejs-1-0-0 ejs@1.0.0
72 verbose lock ejs@1.0.0 /Users/evansadler/.npm/3b9d58f7-ejs-1-0-0.lock
73 silly lockFile 2583a321-stry-npmjs-org-ejs-ejs-1-0-0-tgz https://registry.npmjs.org/ejs/-/ejs-1.0.0.tgz
74 verbose lock https://registry.npmjs.org/ejs/-/ejs-1.0.0.tgz /Users/evansadler/.npm/2583a321-stry-npmjs-org-ejs-ejs-1-0-0-tgz.lock
75 verbose addRemoteTarball [ 'https://registry.npmjs.org/ejs/-/ejs-1.0.0.tgz',
75 verbose addRemoteTarball   'c9c60a48a46ee452fb32a71c317b95e5aa1fcb3d' ]
76 info retry fetch attempt 1 at 09:52:25
77 verbose fetch to= /var/folders/qv/y1lkjqj56871872s69zfqgqc0000gn/T/npm-38572-MBYSBb75/registry.npmjs.org/ejs/-/ejs-1.0.0.tgz
78 http GET https://registry.npmjs.org/ejs/-/ejs-1.0.0.tgz
79 http 200 https://registry.npmjs.org/socket.io
80 silly registry.get cb [ 200,
80 silly registry.get   { date: 'Mon, 29 Sep 2014 16:52:25 GMT',
80 silly registry.get     server: 'CouchDB/1.5.0 (Erlang OTP/R16B03)',
80 silly registry.get     etag: '"3P94QSHQ69D3RHGMZ6ZVU4VZT"',
80 silly registry.get     'content-type': 'application/json',
80 silly registry.get     'cache-control': 'max-age=60',
80 silly registry.get     'content-length': '98646',
80 silly registry.get     'accept-ranges': 'bytes',
80 silly registry.get     via: '1.1 varnish',
80 silly registry.get     age: '499',
80 silly registry.get     'x-served-by': 'cache-lax1426-LAX',
80 silly registry.get     'x-cache': 'HIT',
80 silly registry.get     'x-cache-hits': '1',
80 silly registry.get     'x-timer': 'S1412009545.246909,VS0,VE0',
80 silly registry.get     vary: 'Accept',
80 silly registry.get     'keep-alive': 'timeout=10, max=50',
80 silly registry.get     connection: 'Keep-Alive' } ]
81 verbose addNamed [ 'socket.io', '1.1.0' ]
82 verbose addNamed [ '1.1.0', '1.1.0' ]
83 silly lockFile 8bfafe15-socket-io-1-1-0 socket.io@1.1.0
84 verbose lock socket.io@1.1.0 /Users/evansadler/.npm/8bfafe15-socket-io-1-1-0.lock
85 silly lockFile 8bfafe15-socket-io-1-1-0 socket.io@1.1.0
86 silly lockFile 8bfafe15-socket-io-1-1-0 socket.io@1.1.0
87 silly lockFile d01f6c55-socket-io-latest socket.io@latest
88 silly lockFile d01f6c55-socket-io-latest socket.io@latest
89 http 200 https://registry.npmjs.org/ejs/-/ejs-1.0.0.tgz
90 silly lockFile 2583a321-stry-npmjs-org-ejs-ejs-1-0-0-tgz https://registry.npmjs.org/ejs/-/ejs-1.0.0.tgz
91 silly lockFile 2583a321-stry-npmjs-org-ejs-ejs-1-0-0-tgz https://registry.npmjs.org/ejs/-/ejs-1.0.0.tgz
92 silly lockFile 3b9d58f7-ejs-1-0-0 ejs@1.0.0
93 silly lockFile 3b9d58f7-ejs-1-0-0 ejs@1.0.0
94 silly lockFile 9d73ed50-ejs ejs@*
95 silly lockFile 9d73ed50-ejs ejs@*
96 http 200 https://registry.npmjs.org/express
97 silly registry.get cb [ 200,
97 silly registry.get   { date: 'Mon, 29 Sep 2014 16:52:25 GMT',
97 silly registry.get     server: 'CouchDB/1.5.0 (Erlang OTP/R16B03)',
97 silly registry.get     etag: '"22EWV2LR2261L0FGRDZV6G9AF"',
97 silly registry.get     'content-type': 'application/json',
97 silly registry.get     'cache-control': 'max-age=60',
97 silly registry.get     'content-length': '378887',
97 silly registry.get     'accept-ranges': 'bytes',
97 silly registry.get     via: '1.1 varnish',
97 silly registry.get     age: '1082',
97 silly registry.get     'x-served-by': 'cache-lax1424-LAX',
97 silly registry.get     'x-cache': 'HIT',
97 silly registry.get     'x-cache-hits': '1',
97 silly registry.get     'x-timer': 'S1412009545.256035,VS0,VE1',
97 silly registry.get     vary: 'Accept',
97 silly registry.get     'keep-alive': 'timeout=10, max=50',
97 silly registry.get     connection: 'Keep-Alive' } ]
98 silly lockFile 72227381-js-org-express-express-3-4-8-tgz https://registry.npmjs.org/express/-/express-3.4.8.tgz
99 verbose lock https://registry.npmjs.org/express/-/express-3.4.8.tgz /Users/evansadler/.npm/72227381-js-org-express-express-3-4-8-tgz.lock
100 verbose addRemoteTarball [ 'https://registry.npmjs.org/express/-/express-3.4.8.tgz',
100 verbose addRemoteTarball   'aa7a8986de07053337f4bc5ed9a6453d9cc8e2e1' ]
101 info retry fetch attempt 1 at 09:52:26
102 verbose fetch to= /var/folders/qv/y1lkjqj56871872s69zfqgqc0000gn/T/npm-38572-MBYSBb75/registry.npmjs.org/express/-/express-3.4.8.tgz
103 http GET https://registry.npmjs.org/express/-/express-3.4.8.tgz
104 http 200 https://registry.npmjs.org/express/-/express-3.4.8.tgz
105 silly lockFile 72227381-js-org-express-express-3-4-8-tgz https://registry.npmjs.org/express/-/express-3.4.8.tgz
106 silly lockFile 72227381-js-org-express-express-3-4-8-tgz https://registry.npmjs.org/express/-/express-3.4.8.tgz
107 silly lockFile 15cb8528-express-3-4-8 express@3.4.8
108 silly lockFile 15cb8528-express-3-4-8 express@3.4.8
109 error Error: EACCES, mkdir '/Users/evansadler/.npm/ejs/1.0.0'
109 error  { [Error: EACCES, mkdir '/Users/evansadler/.npm/ejs/1.0.0']
109 error   errno: 3,
109 error   code: 'EACCES',
109 error   path: '/Users/evansadler/.npm/ejs/1.0.0',
109 error   parent: 'application-name' }
110 error Please try running this command again as root/Administrator.
111 error System Darwin 13.3.0
112 error command "node" "/usr/local/bin/npm" "install"
113 error cwd /Users/evansadler/Documents/Coding Dojo/ANGULAR/project
114 error node -v v0.10.32
115 error npm -v 1.4.28
116 error path /Users/evansadler/.npm/ejs/1.0.0
117 error code EACCES
118 error errno 3
119 error stack Error: EACCES, mkdir '/Users/evansadler/.npm/ejs/1.0.0'
120 verbose exit [ 3, true ]
